<?xml version="1.0" encoding="UTF-8"?>
<!-- Generated by org.testng.reporters.JUnitReportReporter -->
<testsuite hostname="DESKTOP-Q48MM8P" failures="0" tests="2" name="tests.E2ETest" time="19.782" errors="0" timestamp="2022-08-04T10:38:12 SGT" skipped="0">
  <testcase classname="tests.E2ETest" name="chatTest1" time="10.428"/>
  <system-out/>
  <testcase classname="tests.E2ETest" name="chatTest2" time="9.354"/>
  <system-out/>
</testsuite> <!-- tests.E2ETest -->
