<?xml version="1.0" encoding="UTF-8"?>
<!-- Generated by org.testng.reporters.JUnitReportReporter -->
<testsuite hostname="DESKTOP-Q48MM8P" failures="0" tests="2" name="tests.E2ETest" time="19.949" errors="0" timestamp="2022-08-04T14:56:29 SGT" skipped="0">
  <testcase classname="tests.E2ETest" name="chatTest2" time="11.292"/>
  <system-out/>
  <testcase classname="tests.E2ETest" name="chatTest1" time="8.657"/>
  <system-out/>
</testsuite> <!-- tests.E2ETest -->
